<?xml version="1.0" encoding="UTF-8"?>
<!-- Generated by org.testng.reporters.JUnitReportReporter -->
<testsuite hostname="LAPTOP-PEULBGIK" failures="0" tests="4" name="pack2.TestNG_3" time="0.043" errors="0" timestamp="2022-06-10T12:21:31 IST" skipped="0">
  <testcase classname="pack2.TestNG_3" name="ctest" time="0.027"/>
  <system-out/>
  <testcase classname="pack2.TestNG_3" name="dtest" time="0.004"/>
  <system-out/>
  <testcase classname="pack2.TestNG_3" name="atest" time="0.007"/>
  <system-out/>
  <testcase classname="pack2.TestNG_3" name="btest" time="0.005"/>
  <system-out/>
</testsuite> <!-- pack2.TestNG_3 -->
