<?xml version="1.0" encoding="UTF-8"?>
<!-- Generated by org.testng.reporters.JUnitReportReporter -->
<testsuite hostname="LAPTOP-PEULBGIK" failures="0" tests="6" name="pack2.TestNG_7" time="0.124" errors="0" timestamp="2022-06-13T10:42:30 IST" skipped="0">
  <testcase classname="pack2.TestNG_7" name="test" time="0.014"/>
  <system-out/>
  <testcase classname="pack2.TestNG_7" name="test" time="0.022"/>
  <system-out/>
  <testcase classname="pack2.TestNG_7" name="test" time="0.037"/>
  <system-out/>
  <testcase classname="pack2.TestNG_7" name="test" time="0.009"/>
  <system-out/>
  <testcase classname="pack2.TestNG_7" name="test" time="0.012"/>
  <system-out/>
  <testcase classname="pack2.TestNG_7" name="test" time="0.030"/>
  <system-out/>
</testsuite> <!-- pack2.TestNG_7 -->
