<?xml version="1.0" encoding="UTF-8"?>
<!-- Generated by org.testng.reporters.JUnitReportReporter -->
<testsuite hostname="LAPTOP-PEULBGIK" failures="0" tests="4" name="pack2.TestNG_4" time="0.025" errors="0" timestamp="2022-06-10T12:21:31 IST" skipped="0">
  <testcase classname="pack2.TestNG_4" name="dtest" time="0.012"/>
  <system-out/>
  <testcase classname="pack2.TestNG_4" name="ctest" time="0.005"/>
  <system-out/>
  <testcase classname="pack2.TestNG_4" name="atest" time="0.003"/>
  <system-out/>
  <testcase classname="pack2.TestNG_4" name="btest" time="0.005"/>
  <system-out/>
</testsuite> <!-- pack2.TestNG_4 -->
