<?xml version="1.0" encoding="UTF-8"?>
<!-- Generated by org.testng.reporters.JUnitReportReporter -->
<testsuite hostname="LAPTOP-PEULBGIK" failures="0" tests="3" name="pack2.TestNG_5" time="0.040" errors="0" timestamp="2022-06-10T14:04:19 IST" skipped="3">
  <testcase classname="pack2.TestNG_5" name="skipTest2" time="0.031">
    <skipped/>
  </testcase> <!-- skipTest2 -->
  <system-out/>
  <testcase classname="pack2.TestNG_5" name="skipTest3" time="0.009">
    <skipped/>
  </testcase> <!-- skipTest3 -->
  <system-out/>
  <testcase classname="pack2.TestNG_5" name="skipTest1">
    <skipped/>
  </testcase> <!-- skipTest1 -->
  <system-out/>
</testsuite> <!-- pack2.TestNG_5 -->
