<?xml version="1.0" encoding="UTF-8"?>
<!-- Generated by org.testng.reporters.JUnitReportReporter -->
<testsuite hostname="LAPTOP-PEULBGIK" failures="0" tests="1" name="pack2.TestNG_8" time="28.244" errors="0" timestamp="2022-06-13T10:50:06 IST" skipped="0">
  <testcase classname="pack2.TestNG_8" name="testTitle" time="28.244"/>
  <system-out/>
</testsuite> <!-- pack2.TestNG_8 -->
