<?xml version="1.0" encoding="UTF-8"?>
<!-- Generated by org.testng.reporters.JUnitReportReporter -->
<testsuite hostname="LAPTOP-PEULBGIK" failures="0" tests="3" name="pack2.TestNG_6" time="0.044" errors="0" timestamp="2022-06-10T17:29:18 IST" skipped="0">
  <testcase classname="pack2.TestNG_6" name="test3" time="0.024"/>
  <system-out/>
  <testcase classname="pack2.TestNG_6" name="test1" time="0.014"/>
  <system-out/>
  <testcase classname="pack2.TestNG_6" name="test2" time="0.006"/>
  <system-out/>
</testsuite> <!-- pack2.TestNG_6 -->
